Debugging started
Session Data: Array
(
    [user_id] => 1
    [user_email] => herobrineadi.m777@gmail.com
    [username] => adityaacharya
)

Error: Invalid JSON input. Raw input: 
Debugging started
Session Data: Array
(
    [user_id] => 1
    [user_email] => herobrineadi.m777@gmail.com
    [username] => adityaacharya
)

Error: Invalid JSON input. Raw input: 
Debugging started
Session Data: Array
(
    [user_id] => 1
    [user_email] => herobrineadi.m777@gmail.com
    [username] => adityaacharya
)

Error: Invalid JSON input. Raw input: 
Debugging started
Session Data: Array
(
    [user_id] => 1
    [user_email] => herobrineadi.m777@gmail.com
    [username] => adityaacharya
)

Error: Invalid JSON input. Raw input: 
Debugging started
Session Data: Array
(
    [user_id] => 1
    [user_email] => herobrineadi.m777@gmail.com
    [username] => adityaacharya
)

Error: Invalid JSON input. Raw input: 
Debugging started
Session Data: Array
(
    [user_id] => 1
    [user_email] => herobrineadi.m777@gmail.com
    [username] => adityaacharya
)

Error: Invalid JSON input. Raw input: 
Debugging started
Session Data: Array
(
    [user_id] => 1
    [user_email] => herobrineadi.m777@gmail.com
    [username] => adityaacharya
)

Error: Invalid JSON input. Raw input: 
Debugging started
Session Data: Array
(
    [user_id] => 1
    [user_email] => herobrineadi.m777@gmail.com
    [username] => adityaacharya
)

Error: Invalid JSON input. Raw input: 
Debugging started
Session Data: Array
(
    [user_id] => 1
    [user_email] => herobrineadi.m777@gmail.com
    [username] => adityaacharya
)

Error: Invalid JSON input. Raw input: 
Debugging started
Session Data: Array
(
    [user_id] => 1
    [user_email] => herobrineadi.m777@gmail.com
    [username] => adityaacharya
)

Error: Invalid JSON input. Raw input: 
Debugging started
Session Data: Array
(
    [user_id] => 1
    [user_email] => herobrineadi.m777@gmail.com
    [username] => adityaacharya
)

Error: Invalid JSON input. Raw input: 
Debugging started
Session Data: Array
(
    [user_id] => 1
    [user_email] => herobrineadi.m777@gmail.com
    [username] => adityaacharya
)

Error: Invalid JSON input. Raw input: 
Debugging started
Session Data: Array
(
)

Error: User not logged in. SESSION: Array
(
)

Debugging started
Session Data: Array
(
)

Error: User not logged in. SESSION: Array
(
)

Debugging started
Session Data: Array
(
)

Error: User not logged in. SESSION: Array
(
)

Debugging started
Session Data: Array
(
)

Error: User not logged in. SESSION: Array
(
)

Debugging started
Session Data: Array
(
)

Error: User not logged in. SESSION: Array
(
)

Debugging started
Session Data: Array
(
)

Error: User not logged in. SESSION: Array
(
)

Debugging started
Session Data: Array
(
)

Error: User not logged in. SESSION: Array
(
)

Debugging started
Session Data: Array
(
)

Error: User not logged in. SESSION: Array
(
)

Debugging started
Session Data: Array
(
)

Error: User not logged in. SESSION: Array
(
)

Debugging started
Session Data: Array
(
)

Error: User not logged in. SESSION: Array
(
)

Debugging started
Session Data: Array
(
)

Error: User not logged in. SESSION: Array
(
)

Debugging started
Session Data: Array
(
)

Error: User not logged in. SESSION: Array
(
)

Debugging started
Session Data: Array
(
)

Error: User not logged in. SESSION: Array
(
)

Debugging started
Session Data: Array
(
)

Error: User not logged in. SESSION: Array
(
)

Debugging started
Session Data: Array
(
)

Error: User not logged in. SESSION: Array
(
)

Debugging started
Session Data: Array
(
)

Error: User not logged in. SESSION: Array
(
)

Debugging started
Session Data: Array
(
)

Error: User not logged in. SESSION: Array
(
)

Debugging started
Session Data: Array
(
)

Error: User not logged in. SESSION: Array
(
)

Debugging started
Session Data: Array
(
)

Error: User not logged in. SESSION: Array
(
)

Debugging started
Session Data: Array
(
)

Error: User not logged in. SESSION: Array
(
)

Debugging started
Session Data: Array
(
)

Error: User not logged in. SESSION: Array
(
)

Debugging started
Session Data: Array
(
)

Error: User not logged in. SESSION: Array
(
)

Debugging started
Session Data: Array
(
)

Error: User not logged in. SESSION: Array
(
)

Debugging started
Session Data: Array
(
)

Error: User not logged in. SESSION: Array
(
)

Debugging started
Session Data: Array
(
)

Error: User not logged in. SESSION: Array
(
)

Error: User not logged in. SESSION: Array
(
)

Debugging started
Session Data: Array
(
)

Error: User not logged in. SESSION: Array
(
)

Debugging started
Session Data: Array
(
)

Error: User not logged in. SESSION: Array
(
)